Warning message:
package 'dplyr' was built under R version 4.5.2 
Warning message:
package 'httr' was built under R version 4.5.2 
ℹ === PWHL Raw Scraper started ===

── Processing 2025 PWHL season ─────────────────────────────────────────────────
ℹ Fetching 2025 PWHL schedule
ℹ 102 completed games in schedule
ℹ Fetching 2025 PWHL schedule✔ Fetched 2025 PWHL schedule [541ms]

ℹ Scraping 102 games for 2025
ℹ   Progress: 25/102 games
ℹ Scraping 102 games for 2025ℹ   Progress: 50/102 games
ℹ Scraping 102 games for 2025ℹ   Progress: 75/102 games
ℹ Scraping 102 games for 20252026-04-08 08:47:38.855376: Error encountered: . Please verify the game_id and ensure it corresponds to a valid game in the PWHL.
ℹ   Progress: 100/102 games
ℹ Scraping 102 games for 2025ℹ   Progress: 102/102 games
ℹ Scraping 102 games for 2025✔ Scraped 102 games for 2025 [4m 7.5s]

ℹ Updating 2025 schedule with JSON links
✔ 102 of 102 games linked (288 raw, 288 final)
ℹ Updating 2025 schedule with JSON links✔ Updated 2025 schedule with JSON links [145ms]

ℹ Building master schedule
✔ 307 total schedule rows, 288 with final JSON
ℹ Building master scheduleℹ === PWHL Raw Scraper complete ===
ℹ Building master schedule
ℹ Building master schedule── All done! ───────────────────────────────────────────────────────────────────
ℹ Building master schedule