Warning message:
package 'dplyr' was built under R version 4.5.2 
Warning message:
package 'httr' was built under R version 4.5.2 
ℹ === PWHL Raw Scraper started ===

── Processing 2024 PWHL season ─────────────────────────────────────────────────
ℹ Fetching 2024 PWHL schedule
ℹ 85 completed games in schedule
ℹ Fetching 2024 PWHL schedule✔ Fetched 2024 PWHL schedule [746ms]

ℹ Scraping 85 games for 2024
2026-04-08 08:22:51.583145: Error encountered: In argument: `game_id = as.numeric(.data$game_id)`.. Please verify the game_id and ensure it corresponds to a valid game in the PWHL.
2026-04-08 08:22:53.699021: Error encountered: In argument: `game_id = as.numeric(.data$game_id)`.. Please verify the game_id and ensure it corresponds to a valid game in the PWHL.
2026-04-08 08:22:55.790375: Error encountered: In argument: `game_id = as.numeric(.data$game_id)`.. Please verify the game_id and ensure it corresponds to a valid game in the PWHL.
2026-04-08 08:22:57.863781: Error encountered: In argument: `game_id = as.numeric(.data$game_id)`.. Please verify the game_id and ensure it corresponds to a valid game in the PWHL.
2026-04-08 08:22:59.842126: Error encountered: In argument: `game_id = as.numeric(.data$game_id)`.. Please verify the game_id and ensure it corresponds to a valid game in the PWHL.
2026-04-08 08:23:02.012442: Error encountered: In argument: `game_id = as.numeric(.data$game_id)`.. Please verify the game_id and ensure it corresponds to a valid game in the PWHL.
2026-04-08 08:23:04.108476: Error encountered: In argument: `game_id = as.numeric(.data$game_id)`.. Please verify the game_id and ensure it corresponds to a valid game in the PWHL.
2026-04-08 08:23:06.17001: Error encountered: In argument: `game_id = as.numeric(.data$game_id)`.. Please verify the game_id and ensure it corresponds to a valid game in the PWHL.
2026-04-08 08:23:08.213618: Error encountered: In argument: `game_id = as.numeric(.data$game_id)`.. Please verify the game_id and ensure it corresponds to a valid game in the PWHL.
2026-04-08 08:23:10.393519: Error encountered: In argument: `game_id = as.numeric(.data$game_id)`.. Please verify the game_id and ensure it corresponds to a valid game in the PWHL.
2026-04-08 08:23:12.536172: Error encountered: In argument: `game_id = as.numeric(.data$game_id)`.. Please verify the game_id and ensure it corresponds to a valid game in the PWHL.
2026-04-08 08:23:14.675913: Error encountered: In argument: `game_id = as.numeric(.data$game_id)`.. Please verify the game_id and ensure it corresponds to a valid game in the PWHL.
2026-04-08 08:23:16.846552: Error encountered: In argument: `game_id = as.numeric(.data$game_id)`.. Please verify the game_id and ensure it corresponds to a valid game in the PWHL.
2026-04-08 08:23:18.968126: Error encountered: In argument: `game_id = as.numeric(.data$game_id)`.. Please verify the game_id and ensure it corresponds to a valid game in the PWHL.
2026-04-08 08:23:21.146403: Error encountered: In argument: `game_id = as.numeric(.data$game_id)`.. Please verify the game_id and ensure it corresponds to a valid game in the PWHL.
2026-04-08 08:23:23.221293: Error encountered: In argument: `game_id = as.numeric(.data$game_id)`.. Please verify the game_id and ensure it corresponds to a valid game in the PWHL.
2026-04-08 08:23:25.367046: Error encountered: In argument: `game_id = as.numeric(.data$game_id)`.. Please verify the game_id and ensure it corresponds to a valid game in the PWHL.
2026-04-08 08:23:27.406302: Error encountered: In argument: `game_id = as.numeric(.data$game_id)`.. Please verify the game_id and ensure it corresponds to a valid game in the PWHL.
2026-04-08 08:23:29.254915: Error encountered: In argument: `game_id = as.numeric(.data$game_id)`.. Please verify the game_id and ensure it corresponds to a valid game in the PWHL.
2026-04-08 08:23:31.107315: Error encountered: In argument: `game_id = as.numeric(.data$game_id)`.. Please verify the game_id and ensure it corresponds to a valid game in the PWHL.
2026-04-08 08:23:33.268376: Error encountered: In argument: `game_id = as.numeric(.data$game_id)`.. Please verify the game_id and ensure it corresponds to a valid game in the PWHL.
2026-04-08 08:23:35.264751: Error encountered: In argument: `game_id = as.numeric(.data$game_id)`.. Please verify the game_id and ensure it corresponds to a valid game in the PWHL.
2026-04-08 08:23:37.305042: Error encountered: In argument: `game_id = as.numeric(.data$game_id)`.. Please verify the game_id and ensure it corresponds to a valid game in the PWHL.
2026-04-08 08:23:39.442565: Error encountered: In argument: `game_id = as.numeric(.data$game_id)`.. Please verify the game_id and ensure it corresponds to a valid game in the PWHL.
2026-04-08 08:23:41.438281: Error encountered: In argument: `game_id = as.numeric(.data$game_id)`.. Please verify the game_id and ensure it corresponds to a valid game in the PWHL.
ℹ   Progress: 25/85 games
ℹ Scraping 85 games for 20242026-04-08 08:23:43.699917: Error encountered: In argument: `game_id = as.numeric(.data$game_id)`.. Please verify the game_id and ensure it corresponds to a valid game in the PWHL.
2026-04-08 08:23:45.748492: Error encountered: In argument: `game_id = as.numeric(.data$game_id)`.. Please verify the game_id and ensure it corresponds to a valid game in the PWHL.
2026-04-08 08:23:47.88841: Error encountered: In argument: `game_id = as.numeric(.data$game_id)`.. Please verify the game_id and ensure it corresponds to a valid game in the PWHL.
2026-04-08 08:23:50.041275: Error encountered: In argument: `game_id = as.numeric(.data$game_id)`.. Please verify the game_id and ensure it corresponds to a valid game in the PWHL.
2026-04-08 08:23:52.051319: Error encountered: In argument: `game_id = as.numeric(.data$game_id)`.. Please verify the game_id and ensure it corresponds to a valid game in the PWHL.
2026-04-08 08:23:54.049746: Error encountered: In argument: `game_id = as.numeric(.data$game_id)`.. Please verify the game_id and ensure it corresponds to a valid game in the PWHL.
2026-04-08 08:23:56.184656: Error encountered: In argument: `game_id = as.numeric(.data$game_id)`.. Please verify the game_id and ensure it corresponds to a valid game in the PWHL.
2026-04-08 08:23:58.242942: Error encountered: In argument: `game_id = as.numeric(.data$game_id)`.. Please verify the game_id and ensure it corresponds to a valid game in the PWHL.
2026-04-08 08:24:00.265969: Error encountered: In argument: `game_id = as.numeric(.data$game_id)`.. Please verify the game_id and ensure it corresponds to a valid game in the PWHL.
2026-04-08 08:24:02.322689: Error encountered: In argument: `game_id = as.numeric(.data$game_id)`.. Please verify the game_id and ensure it corresponds to a valid game in the PWHL.
2026-04-08 08:24:04.693324: Error encountered: In argument: `game_id = as.numeric(.data$game_id)`.. Please verify the game_id and ensure it corresponds to a valid game in the PWHL.
2026-04-08 08:24:06.822686: Error encountered: In argument: `game_id = as.numeric(.data$game_id)`.. Please verify the game_id and ensure it corresponds to a valid game in the PWHL.
2026-04-08 08:24:09.061987: Error encountered: In argument: `game_id = as.numeric(.data$game_id)`.. Please verify the game_id and ensure it corresponds to a valid game in the PWHL.
2026-04-08 08:24:11.207378: Error encountered: In argument: `game_id = as.numeric(.data$game_id)`.. Please verify the game_id and ensure it corresponds to a valid game in the PWHL.
2026-04-08 08:24:13.367677: Error encountered: In argument: `game_id = as.numeric(.data$game_id)`.. Please verify the game_id and ensure it corresponds to a valid game in the PWHL.
2026-04-08 08:24:15.552471: Error encountered: In argument: `game_id = as.numeric(.data$game_id)`.. Please verify the game_id and ensure it corresponds to a valid game in the PWHL.
