ℹ === PWHL Raw Scraper started ===

── Processing 2026 PWHL season ─────────────────────────────────────────────────
ℹ Fetching 2026 PWHL schedule
ℹ 114 completed games in schedule
ℹ Fetching 2026 PWHL schedule✔ Fetched 2026 PWHL schedule [940ms]

ℹ Scraping 114 games for 2026
ℹ   Progress: 25/114 games
ℹ Scraping 114 games for 2026ℹ   Progress: 50/114 games
ℹ Scraping 114 games for 2026ℹ   Progress: 75/114 games
ℹ Scraping 114 games for 2026ℹ   Progress: 100/114 games
ℹ Scraping 114 games for 2026ℹ   Progress: 114/114 games
ℹ Scraping 114 games for 2026✔ Scraped 114 games for 2026 [5m 4s]

ℹ Updating 2026 schedule with JSON links
✔ 114 of 120 games linked (301 raw, 301 final)
ℹ Updating 2026 schedule with JSON links✔ Updated 2026 schedule with JSON links [217ms]

ℹ Building master schedule
✔ 307 total schedule rows, 301 with final JSON
ℹ Building master scheduleℹ === PWHL Raw Scraper complete ===
ℹ Building master schedule
ℹ Building master schedule── All done! ───────────────────────────────────────────────────────────────────
ℹ Building master schedule